<?xml version="1.0" encoding="UTF-8"?>
<!-- Generated by org.testng.reporters.JUnitXMLReporter -->
<testsuite hostname="WKWIN9370960" name="Test" tests="1" failures="1" timestamp="17 Nov 2019 06:37:41 GMT" time="0.243" errors="0">
  <testcase name="@AfterClass tearDown" time="0.0" classname="com.framework.testCases.LoginTest">
    <failure type="java.lang.NullPointerException">
      <![CDATA[java.lang.NullPointerException
	at Base.BasePage.tearDown(BasePage.java:27)
... Removed 24 stack frames]]>
    </failure>
  </testcase> <!-- @AfterClass tearDown -->
  <testcase name="@AfterTest flush" time="0.0" classname="com.framework.testCases.LoginTest">
    <skipped/>
  </testcase> <!-- @AfterTest flush -->
  <testcase name="login" time="0.037" classname="com.framework.testCases.LoginTest">
    <failure type="java.lang.NullPointerException">
      <![CDATA[java.lang.NullPointerException
	at com.framework.testCases.LoginTest.login(LoginTest.java:51)
... Removed 24 stack frames]]>
    </failure>
  </testcase> <!-- login -->
</testsuite> <!-- Test -->
